[debug] [2026-05-27T07:35:32.467Z] ----------------------------------------------------------------------
[debug] [2026-05-27T07:35:32.479Z] Command:       C:\Program Files\nodejs\node.exe C:\Users\nagen\AppData\Roaming\npm\node_modules\firebase-tools\lib\bin\firebase.js init functions
[debug] [2026-05-27T07:35:32.480Z] CLI Version:   15.18.0
[debug] [2026-05-27T07:35:32.480Z] Platform:      win32
[debug] [2026-05-27T07:35:32.481Z] Node Version:  v24.13.1
[debug] [2026-05-27T07:35:32.482Z] Time:          Wed May 27 2026 13:05:32 GMT+0530 (India Standard Time)
[debug] [2026-05-27T07:35:32.482Z] ----------------------------------------------------------------------
[debug] 
[info] 
     ######## #### ########  ######## ########     ###     ######  ########
     ##        ##  ##     ## ##       ##     ##  ##   ##  ##       ##
     ######    ##  ########  ######   ########  #########  ######  ######
     ##        ##  ##    ##  ##       ##     ## ##     ##       ## ##
     ##       #### ##     ## ######## ########  ##     ##  ######  ########

You're about to initialize a Firebase project in this directory:

  E:\training\minimalist

[info] 
=== Project Setup
[info] 
[info] First, let's associate this project directory with a Firebase project.
[info] You can create multiple project aliases by running firebase use --add, 
[info] 
[debug] [2026-05-27T07:35:42.153Z] > command requires scopes: ["email","openid","https://www.googleapis.com/auth/cloudplatformprojects.readonly","https://www.googleapis.com/auth/firebase","https://www.googleapis.com/auth/cloud-platform"]
[debug] [2026-05-27T07:35:42.154Z] > authorizing via signed-in user (nagendrakothapalli999@gmail.com)
[debug] [2026-05-27T07:35:42.157Z] Checked if tokens are valid: true, expires at: 1779870047258
[debug] [2026-05-27T07:35:42.158Z] Checked if tokens are valid: true, expires at: 1779870047258
[debug] [2026-05-27T07:35:42.161Z] >>> [apiv2][query] GET https://firebase.googleapis.com/v1beta1/projects/credredux [none]
[debug] [2026-05-27T07:35:42.711Z] <<< [apiv2][status] GET https://firebase.googleapis.com/v1beta1/projects/credredux 200
[debug] [2026-05-27T07:35:42.711Z] <<< [apiv2][body] GET https://firebase.googleapis.com/v1beta1/projects/credredux {"projectId":"credredux","projectNumber":"1090020952967","displayName":"credredux","name":"projects/credredux","resources":{"hostingSite":"credredux","realtimeDatabaseInstance":"credredux-default-rtdb"},"state":"ACTIVE","etag":"1_ed452eb1-0377-40a9-93ac-ec5292808b2a"}
[info] i  Using project credredux (credredux) . 
[info] 
=== Functions Setup
[debug] [2026-05-27T07:35:42.825Z] > command requires scopes: ["email","openid","https://www.googleapis.com/auth/cloudplatformprojects.readonly","https://www.googleapis.com/auth/firebase","https://www.googleapis.com/auth/cloud-platform"]
[debug] [2026-05-27T07:35:42.826Z] > authorizing via signed-in user (nagendrakothapalli999@gmail.com)
[debug] [2026-05-27T07:35:42.826Z] [iam] checking project credredux for permissions ["firebase.projects.get"]
[debug] [2026-05-27T07:35:42.828Z] Checked if tokens are valid: true, expires at: 1779870047258
[debug] [2026-05-27T07:35:42.829Z] Checked if tokens are valid: true, expires at: 1779870047258
[debug] [2026-05-27T07:35:42.829Z] >>> [apiv2][query] POST https://cloudresourcemanager.googleapis.com/v1/projects/credredux:testIamPermissions [none]
[debug] [2026-05-27T07:35:42.830Z] >>> [apiv2][(partial)header] POST https://cloudresourcemanager.googleapis.com/v1/projects/credredux:testIamPermissions  x-goog-user-project=credredux
[debug] [2026-05-27T07:35:42.830Z] >>> [apiv2][body] POST https://cloudresourcemanager.googleapis.com/v1/projects/credredux:testIamPermissions {"permissions":["firebase.projects.get"]}
[debug] [2026-05-27T07:35:44.178Z] <<< [apiv2][status] POST https://cloudresourcemanager.googleapis.com/v1/projects/credredux:testIamPermissions 200
[debug] [2026-05-27T07:35:44.178Z] <<< [apiv2][body] POST https://cloudresourcemanager.googleapis.com/v1/projects/credredux:testIamPermissions {"permissions":["firebase.projects.get"]}
[info] Let's create a new codebase for your functions.
[info] A directory corresponding to the codebase will be created in your project
[info] with sample code pre-configured.

[info] See https://firebase.google.com/docs/functions/organize-functions for
[info] more information on organizing your functions using codebases.

[info] Functions can be deployed with firebase deploy.

